;;; Finding mean durations and standard deviation of each phone type
;;; Extracting features from utterances
festival/utts/arctic_a0001-sin.utt
festival/utts/arctic_a0002-sin.utt
festival/utts/arctic_a0003-sin.utt
festival/utts/arctic_a0004-sin.utt
festival/utts/arctic_a0005-sin.utt
festival/utts/arctic_a0006-sin.utt
festival/utts/arctic_a0007-sin.utt
festival/utts/arctic_a0008-sin.utt
festival/utts/arctic_a0009-sin.utt
festival/utts/arctic_a0010-sin.utt
festival/utts/arctic_a0011-sin.utt
festival/utts/arctic_a0012-sin.utt
festival/utts/arctic_a0013-sin.utt
festival/utts/arctic_a0014-sin.utt
festival/utts/arctic_a0015-sin.utt
festival/utts/arctic_a0016-sin.utt
festival/utts/arctic_a0017-sin.utt
festival/utts/arctic_a0018-sin.utt
festival/utts/arctic_a0019-sin.utt
festival/utts/arctic_a0020-sin.utt
festival/utts/arctic_a0021-sin.utt
festival/utts/arctic_a0022-sin.utt
festival/utts/arctic_a0023-sin.utt
festival/utts/arctic_a0024-sin.utt
festival/utts/arctic_a0025-sin.utt
festival/utts/arctic_a0026-sin.utt
festival/utts/arctic_a0027-sin.utt
festival/utts/arctic_a0028-sin.utt
festival/utts/arctic_a0029-sin.utt
festival/utts/arctic_a0030-sin.utt
festival/utts/arctic_a0031-sin.utt
festival/utts/arctic_a0032-sin.utt
festival/utts/arctic_a0033-sin.utt
festival/utts/arctic_a0034-sin.utt
festival/utts/arctic_a0035-sin.utt
festival/utts/arctic_a0036-sin.utt
festival/utts/arctic_a0037-sin.utt
festival/utts/arctic_a0038-sin.utt
festival/utts/arctic_a0039-sin.utt
festival/utts/arctic_a0040-sin.utt
festival/utts/arctic_a0041-sin.utt
festival/utts/arctic_a0042-sin.utt
festival/utts/arctic_a0043-sin.utt
festival/utts/arctic_a0044-sin.utt
festival/utts/arctic_a0045-sin.utt
festival/utts/arctic_a0046-sin.utt
festival/utts/arctic_a0047-sin.utt
festival/utts/arctic_a0048-sin.utt
festival/utts/arctic_a0049-sin.utt
festival/utts/arctic_a0050-sin.utt
festival/utts/arctic_a0051-sin.utt
festival/utts/arctic_a0052-sin.utt
festival/utts/arctic_a0053-sin.utt
festival/utts/arctic_a0054-sin.utt
festival/utts/arctic_a0055-sin.utt
festival/utts/arctic_a0056-sin.utt
festival/utts/arctic_a0057-sin.utt
festival/utts/arctic_a0058-sin.utt
festival/utts/arctic_a0059-sin.utt
festival/utts/arctic_a0060-sin.utt
festival/utts/arctic_a0061-sin.utt
festival/utts/arctic_a0062-sin.utt
festival/utts/arctic_a0063-sin.utt
festival/utts/arctic_a0064-sin.utt
festival/utts/arctic_a0065-sin.utt
festival/utts/arctic_a0066-sin.utt
festival/utts/arctic_a0067-sin.utt
festival/utts/arctic_a0068-sin.utt
festival/utts/arctic_a0069-sin.utt
festival/utts/arctic_a0070-sin.utt
festival/utts/arctic_a0071-sin.utt
festival/utts/arctic_a0072-sin.utt
festival/utts/arctic_a0073-sin.utt
festival/utts/arctic_a0074-sin.utt
festival/utts/arctic_a0075-sin.utt
festival/utts/arctic_a0076-sin.utt
festival/utts/arctic_a0077-sin.utt
festival/utts/arctic_a0078-sin.utt
festival/utts/arctic_a0079-sin.utt
festival/utts/arctic_a0080-sin.utt
festival/utts/arctic_a0081-sin.utt
festival/utts/arctic_a0082-sin.utt
festival/utts/arctic_a0083-sin.utt
festival/utts/arctic_a0084-sin.utt
festival/utts/arctic_a0085-sin.utt
festival/utts/arctic_a0086-sin.utt
festival/utts/arctic_a0087-sin.utt
festival/utts/arctic_a0088-sin.utt
festival/utts/arctic_a0089-sin.utt
festival/utts/arctic_a0090-sin.utt
festival/utts/arctic_a0091-sin.utt
festival/utts/arctic_a0092-sin.utt
festival/utts/arctic_a0093-sin.utt
festival/utts/arctic_a0094-sin.utt
festival/utts/arctic_a0095-sin.utt
festival/utts/arctic_a0096-sin.utt
festival/utts/arctic_a0097-sin.utt
festival/utts/arctic_a0098-sin.utt
festival/utts/arctic_a0099-sin.utt
festival/utts/arctic_a0100-sin.utt
festival/utts/arctic_a0101-sin.utt
festival/utts/arctic_a0102-sin.utt
festival/utts/arctic_a0103-sin.utt
festival/utts/arctic_a0104-sin.utt
festival/utts/arctic_a0105-sin.utt
festival/utts/arctic_a0106-sin.utt
festival/utts/arctic_a0107-sin.utt
festival/utts/arctic_a0108-sin.utt
festival/utts/arctic_a0109-sin.utt
festival/utts/arctic_a0110-sin.utt
festival/utts/arctic_a0111-sin.utt
festival/utts/arctic_a0112-sin.utt
festival/utts/arctic_a0113-sin.utt
festival/utts/arctic_a0114-sin.utt
festival/utts/arctic_a0115-sin.utt
festival/utts/arctic_a0116-sin.utt
festival/utts/arctic_a0117-sin.utt
festival/utts/arctic_a0118-sin.utt
festival/utts/arctic_a0119-sin.utt
festival/utts/arctic_a0120-sin.utt
festival/utts/arctic_a0121-sin.utt
festival/utts/arctic_a0122-sin.utt
festival/utts/arctic_a0123-sin.utt
festival/utts/arctic_a0124-sin.utt
festival/utts/arctic_a0125-sin.utt
festival/utts/arctic_a0126-sin.utt
festival/utts/arctic_a0127-sin.utt
festival/utts/arctic_a0128-sin.utt
festival/utts/arctic_a0129-sin.utt
festival/utts/arctic_a0130-sin.utt
festival/utts/arctic_a0131-sin.utt
festival/utts/arctic_a0132-sin.utt
festival/utts/arctic_a0133-sin.utt
festival/utts/arctic_a0134-sin.utt
festival/utts/arctic_a0135-sin.utt
festival/utts/arctic_a0136-sin.utt
festival/utts/arctic_a0137-sin.utt
festival/utts/arctic_a0138-sin.utt
festival/utts/arctic_a0139-sin.utt
festival/utts/arctic_a0140-sin.utt
festival/utts/arctic_a0141-sin.utt
festival/utts/arctic_a0142-sin.utt
festival/utts/arctic_a0143-sin.utt
festival/utts/arctic_a0144-sin.utt
festival/utts/arctic_a0145-sin.utt
festival/utts/arctic_a0146-sin.utt
festival/utts/arctic_a0147-sin.utt
festival/utts/arctic_a0148-sin.utt
festival/utts/arctic_a0149-sin.utt
festival/utts/arctic_a0150-sin.utt
festival/utts/arctic_a0151-sin.utt
festival/utts/arctic_a0152-sin.utt
festival/utts/arctic_a0153-sin.utt
festival/utts/arctic_a0154-sin.utt
festival/utts/arctic_a0155-sin.utt
festival/utts/arctic_a0156-sin.utt
festival/utts/arctic_a0157-sin.utt
festival/utts/arctic_a0158-sin.utt
festival/utts/arctic_a0159-sin.utt
festival/utts/arctic_a0160-sin.utt
festival/utts/arctic_a0161-sin.utt
festival/utts/arctic_a0162-sin.utt
festival/utts/arctic_a0163-sin.utt
festival/utts/arctic_a0164-sin.utt
festival/utts/arctic_a0165-sin.utt
festival/utts/arctic_a0166-sin.utt
festival/utts/arctic_a0167-sin.utt
festival/utts/arctic_a0168-sin.utt
festival/utts/arctic_a0169-sin.utt
festival/utts/arctic_a0170-sin.utt
festival/utts/arctic_a0171-sin.utt
festival/utts/arctic_a0172-sin.utt
festival/utts/arctic_a0173-sin.utt
festival/utts/arctic_a0174-sin.utt
festival/utts/arctic_a0175-sin.utt
festival/utts/arctic_a0176-sin.utt
festival/utts/arctic_a0177-sin.utt
festival/utts/arctic_a0178-sin.utt
festival/utts/arctic_a0179-sin.utt
festival/utts/arctic_a0180-sin.utt
festival/utts/arctic_a0181-sin.utt
festival/utts/arctic_a0182-sin.utt
festival/utts/arctic_a0183-sin.utt
festival/utts/arctic_a0184-sin.utt
festival/utts/arctic_a0185-sin.utt
festival/utts/arctic_a0186-sin.utt
festival/utts/arctic_a0187-sin.utt
festival/utts/arctic_a0188-sin.utt
festival/utts/arctic_a0189-sin.utt
festival/utts/arctic_a0190-sin.utt
festival/utts/arctic_a0191-sin.utt
festival/utts/arctic_a0192-sin.utt
festival/utts/arctic_a0193-sin.utt
festival/utts/arctic_a0194-sin.utt
festival/utts/arctic_a0195-sin.utt
festival/utts/arctic_a0196-sin.utt
festival/utts/arctic_a0197-sin.utt
festival/utts/arctic_a0198-sin.utt
festival/utts/arctic_a0199-sin.utt
festival/utts/arctic_a0200-sin.utt
festival/utts/arctic_a0201-sin.utt
festival/utts/arctic_a0202-sin.utt
festival/utts/arctic_a0203-sin.utt
festival/utts/arctic_a0204-sin.utt
festival/utts/arctic_a0205-sin.utt
festival/utts/arctic_a0206-sin.utt
festival/utts/arctic_a0207-sin.utt
festival/utts/arctic_a0208-sin.utt
festival/utts/arctic_a0209-sin.utt
festival/utts/arctic_a0210-sin.utt
festival/utts/arctic_a0211-sin.utt
festival/utts/arctic_a0212-sin.utt
festival/utts/arctic_a0213-sin.utt
festival/utts/arctic_a0214-sin.utt
festival/utts/arctic_a0215-sin.utt
festival/utts/arctic_a0216-sin.utt
festival/utts/arctic_a0217-sin.utt
festival/utts/arctic_a0218-sin.utt
festival/utts/arctic_a0219-sin.utt
festival/utts/arctic_a0220-sin.utt
festival/utts/arctic_a0221-sin.utt
festival/utts/arctic_a0222-sin.utt
festival/utts/arctic_a0223-sin.utt
festival/utts/arctic_a0224-sin.utt
festival/utts/arctic_a0225-sin.utt
festival/utts/arctic_a0226-sin.utt
festival/utts/arctic_a0227-sin.utt
festival/utts/arctic_a0228-sin.utt
festival/utts/arctic_a0229-sin.utt
festival/utts/arctic_a0230-sin.utt
festival/utts/arctic_a0231-sin.utt
festival/utts/arctic_a0232-sin.utt
festival/utts/arctic_a0233-sin.utt
festival/utts/arctic_a0234-sin.utt
festival/utts/arctic_a0235-sin.utt
festival/utts/arctic_a0236-sin.utt
festival/utts/arctic_a0237-sin.utt
festival/utts/arctic_a0238-sin.utt
festival/utts/arctic_a0239-sin.utt
festival/utts/arctic_a0240-sin.utt
festival/utts/arctic_a0241-sin.utt
festival/utts/arctic_a0242-sin.utt
festival/utts/arctic_a0243-sin.utt
festival/utts/arctic_a0244-sin.utt
festival/utts/arctic_a0245-sin.utt
festival/utts/arctic_a0246-sin.utt
festival/utts/arctic_a0247-sin.utt
festival/utts/arctic_a0248-sin.utt
festival/utts/arctic_a0249-sin.utt
festival/utts/arctic_a0250-sin.utt
festival/utts/arctic_a0251-sin.utt
festival/utts/arctic_a0252-sin.utt
festival/utts/arctic_a0253-sin.utt
festival/utts/arctic_a0254-sin.utt
festival/utts/arctic_a0255-sin.utt
festival/utts/arctic_a0256-sin.utt
festival/utts/arctic_a0257-sin.utt
festival/utts/arctic_a0258-sin.utt
festival/utts/arctic_a0259-sin.utt
festival/utts/arctic_a0260-sin.utt
festival/utts/arctic_a0261-sin.utt
festival/utts/arctic_a0262-sin.utt
festival/utts/arctic_a0263-sin.utt
festival/utts/arctic_a0264-sin.utt
festival/utts/arctic_a0265-sin.utt
festival/utts/arctic_a0266-sin.utt
festival/utts/arctic_a0267-sin.utt
festival/utts/arctic_a0268-sin.utt
festival/utts/arctic_a0269-sin.utt
festival/utts/arctic_a0270-sin.utt
festival/utts/arctic_a0271-sin.utt
festival/utts/arctic_a0272-sin.utt
festival/utts/arctic_a0273-sin.utt
festival/utts/arctic_a0274-sin.utt
festival/utts/arctic_a0275-sin.utt
festival/utts/arctic_a0276-sin.utt
festival/utts/arctic_a0277-sin.utt
festival/utts/arctic_a0278-sin.utt
festival/utts/arctic_a0279-sin.utt
festival/utts/arctic_a0280-sin.utt
festival/utts/arctic_a0281-sin.utt
festival/utts/arctic_a0282-sin.utt
festival/utts/arctic_a0283-sin.utt
festival/utts/arctic_a0284-sin.utt
festival/utts/arctic_a0285-sin.utt
festival/utts/arctic_a0286-sin.utt
festival/utts/arctic_a0287-sin.utt
festival/utts/arctic_a0288-sin.utt
festival/utts/arctic_a0289-sin.utt
festival/utts/arctic_a0290-sin.utt
festival/utts/arctic_a0291-sin.utt
festival/utts/arctic_a0292-sin.utt
festival/utts/arctic_a0293-sin.utt
festival/utts/arctic_a0294-sin.utt
festival/utts/arctic_a0295-sin.utt
festival/utts/arctic_a0296-sin.utt
festival/utts/arctic_a0297-sin.utt
festival/utts/arctic_a0298-sin.utt
festival/utts/arctic_a0299-sin.utt
festival/utts/arctic_a0300-sin.utt
festival/utts/arctic_a0301-sin.utt
festival/utts/arctic_a0302-sin.utt
festival/utts/arctic_a0303-sin.utt
festival/utts/arctic_a0304-sin.utt
festival/utts/arctic_a0305-sin.utt
festival/utts/arctic_a0306-sin.utt
festival/utts/arctic_a0307-sin.utt
festival/utts/arctic_a0308-sin.utt
festival/utts/arctic_a0309-sin.utt
festival/utts/arctic_a0310-sin.utt
festival/utts/arctic_a0311-sin.utt
festival/utts/arctic_a0312-sin.utt
festival/utts/arctic_a0313-sin.utt
festival/utts/arctic_a0314-sin.utt
festival/utts/arctic_a0315-sin.utt
festival/utts/arctic_a0316-sin.utt
festival/utts/arctic_a0317-sin.utt
festival/utts/arctic_a0318-sin.utt
festival/utts/arctic_a0319-sin.utt
festival/utts/arctic_a0320-sin.utt
festival/utts/arctic_a0321-sin.utt
festival/utts/arctic_a0322-sin.utt
festival/utts/arctic_a0323-sin.utt
festival/utts/arctic_a0324-sin.utt
festival/utts/arctic_a0325-sin.utt
festival/utts/arctic_a0326-sin.utt
festival/utts/arctic_a0327-sin.utt
festival/utts/arctic_a0328-sin.utt
festival/utts/arctic_a0329-sin.utt
festival/utts/arctic_a0330-sin.utt
festival/utts/arctic_a0331-sin.utt
festival/utts/arctic_a0332-sin.utt
festival/utts/arctic_a0333-sin.utt
festival/utts/arctic_a0334-sin.utt
festival/utts/arctic_a0335-sin.utt
festival/utts/arctic_a0336-sin.utt
festival/utts/arctic_a0337-sin.utt
festival/utts/arctic_a0338-sin.utt
festival/utts/arctic_a0339-sin.utt
festival/utts/arctic_a0340-sin.utt
festival/utts/arctic_a0341-sin.utt
festival/utts/arctic_a0342-sin.utt
festival/utts/arctic_a0343-sin.utt
festival/utts/arctic_a0344-sin.utt
festival/utts/arctic_a0345-sin.utt
festival/utts/arctic_a0346-sin.utt
festival/utts/arctic_a0347-sin.utt
festival/utts/arctic_a0348-sin.utt
festival/utts/arctic_a0349-sin.utt
festival/utts/arctic_a0350-sin.utt
festival/utts/arctic_a0351-sin.utt
festival/utts/arctic_a0352-sin.utt
festival/utts/arctic_a0353-sin.utt
festival/utts/arctic_a0354-sin.utt
festival/utts/arctic_a0355-sin.utt
festival/utts/arctic_a0356-sin.utt
festival/utts/arctic_a0357-sin.utt
festival/utts/arctic_a0358-sin.utt
festival/utts/arctic_a0359-sin.utt
festival/utts/arctic_a0360-sin.utt
festival/utts/arctic_a0361-sin.utt
festival/utts/arctic_a0362-sin.utt
festival/utts/arctic_a0363-sin.utt
festival/utts/arctic_a0364-sin.utt
festival/utts/arctic_a0365-sin.utt
festival/utts/arctic_a0366-sin.utt
festival/utts/arctic_a0367-sin.utt
festival/utts/arctic_a0368-sin.utt
festival/utts/arctic_a0369-sin.utt
festival/utts/arctic_a0370-sin.utt
festival/utts/arctic_a0371-sin.utt
festival/utts/arctic_a0372-sin.utt
festival/utts/arctic_a0373-sin.utt
festival/utts/arctic_a0374-sin.utt
festival/utts/arctic_a0375-sin.utt
festival/utts/arctic_a0376-sin.utt
festival/utts/arctic_a0377-sin.utt
festival/utts/arctic_a0378-sin.utt
festival/utts/arctic_a0379-sin.utt
festival/utts/arctic_a0380-sin.utt
festival/utts/arctic_a0381-sin.utt
festival/utts/arctic_a0382-sin.utt
festival/utts/arctic_a0383-sin.utt
festival/utts/arctic_a0384-sin.utt
festival/utts/arctic_a0385-sin.utt
festival/utts/arctic_a0386-sin.utt
festival/utts/arctic_a0387-sin.utt
festival/utts/arctic_a0388-sin.utt
festival/utts/arctic_a0389-sin.utt
festival/utts/arctic_a0390-sin.utt
festival/utts/arctic_a0391-sin.utt
festival/utts/arctic_a0392-sin.utt
festival/utts/arctic_a0393-sin.utt
festival/utts/arctic_a0394-sin.utt
festival/utts/arctic_a0395-sin.utt
festival/utts/arctic_a0396-sin.utt
festival/utts/arctic_a0397-sin.utt
festival/utts/arctic_a0398-sin.utt
festival/utts/arctic_a0399-sin.utt
festival/utts/arctic_a0400-sin.utt
festival/utts/arctic_a0401-sin.utt
festival/utts/arctic_a0402-sin.utt
festival/utts/arctic_a0403-sin.utt
festival/utts/arctic_a0404-sin.utt
festival/utts/arctic_a0405-sin.utt
festival/utts/arctic_a0406-sin.utt
festival/utts/arctic_a0407-sin.utt
festival/utts/arctic_a0408-sin.utt
festival/utts/arctic_a0409-sin.utt
festival/utts/arctic_a0410-sin.utt
festival/utts/arctic_a0411-sin.utt
festival/utts/arctic_a0412-sin.utt
festival/utts/arctic_a0413-sin.utt
festival/utts/arctic_a0414-sin.utt
festival/utts/arctic_a0415-sin.utt
festival/utts/arctic_a0416-sin.utt
festival/utts/arctic_a0417-sin.utt
festival/utts/arctic_a0418-sin.utt
festival/utts/arctic_a0419-sin.utt
festival/utts/arctic_a0420-sin.utt
festival/utts/arctic_a0421-sin.utt
festival/utts/arctic_a0422-sin.utt
festival/utts/arctic_a0423-sin.utt
festival/utts/arctic_a0424-sin.utt
festival/utts/arctic_a0425-sin.utt
festival/utts/arctic_a0426-sin.utt
festival/utts/arctic_a0427-sin.utt
festival/utts/arctic_a0428-sin.utt
festival/utts/arctic_a0429-sin.utt
festival/utts/arctic_a0430-sin.utt
festival/utts/arctic_a0431-sin.utt
festival/utts/arctic_a0432-sin.utt
festival/utts/arctic_a0433-sin.utt
festival/utts/arctic_a0434-sin.utt
festival/utts/arctic_a0435-sin.utt
festival/utts/arctic_a0436-sin.utt
festival/utts/arctic_a0437-sin.utt
festival/utts/arctic_a0438-sin.utt
festival/utts/arctic_a0439-sin.utt
festival/utts/arctic_a0440-sin.utt
festival/utts/arctic_a0441-sin.utt
festival/utts/arctic_a0442-sin.utt
festival/utts/arctic_a0443-sin.utt
festival/utts/arctic_a0444-sin.utt
festival/utts/arctic_a0445-sin.utt
festival/utts/arctic_a0446-sin.utt
festival/utts/arctic_a0447-sin.utt
festival/utts/arctic_a0448-sin.utt
festival/utts/arctic_a0449-sin.utt
festival/utts/arctic_a0450-sin.utt
festival/utts/arctic_a0451-sin.utt
festival/utts/arctic_a0452-sin.utt
festival/utts/arctic_a0453-sin.utt
festival/utts/arctic_a0454-sin.utt
festival/utts/arctic_a0455-sin.utt
festival/utts/arctic_a0456-sin.utt
festival/utts/arctic_a0457-sin.utt
festival/utts/arctic_a0458-sin.utt
festival/utts/arctic_a0459-sin.utt
festival/utts/arctic_a0460-sin.utt
festival/utts/arctic_a0461-sin.utt
festival/utts/arctic_a0462-sin.utt
festival/utts/arctic_a0463-sin.utt
festival/utts/arctic_a0464-sin.utt
festival/utts/arctic_a0465-sin.utt
festival/utts/arctic_a0466-sin.utt
festival/utts/arctic_a0467-sin.utt
festival/utts/arctic_a0468-sin.utt
festival/utts/arctic_a0469-sin.utt
festival/utts/arctic_a0470-sin.utt
festival/utts/arctic_a0471-sin.utt
festival/utts/arctic_a0472-sin.utt
festival/utts/arctic_a0473-sin.utt
festival/utts/arctic_a0474-sin.utt
festival/utts/arctic_a0475-sin.utt
festival/utts/arctic_a0476-sin.utt
festival/utts/arctic_a0477-sin.utt
festival/utts/arctic_a0478-sin.utt
festival/utts/arctic_a0479-sin.utt
festival/utts/arctic_a0480-sin.utt
festival/utts/arctic_a0481-sin.utt
festival/utts/arctic_a0482-sin.utt
festival/utts/arctic_a0483-sin.utt
festival/utts/arctic_a0484-sin.utt
festival/utts/arctic_a0485-sin.utt
festival/utts/arctic_a0486-sin.utt
festival/utts/arctic_a0487-sin.utt
festival/utts/arctic_a0488-sin.utt
festival/utts/arctic_a0489-sin.utt
festival/utts/arctic_a0490-sin.utt
festival/utts/arctic_a0491-sin.utt
festival/utts/arctic_a0492-sin.utt
festival/utts/arctic_a0493-sin.utt
festival/utts/arctic_a0494-sin.utt
festival/utts/arctic_a0495-sin.utt
festival/utts/arctic_a0496-sin.utt
festival/utts/arctic_a0497-sin.utt
festival/utts/arctic_a0498-sin.utt
festival/utts/arctic_a0499-sin.utt
festival/utts/arctic_a0500-sin.utt
;;; Collecting features in training and test data
;;; Build feature description file
;;; Build the duration model itself
Dataset of 12899 vectors of 92 parameters from: festival/dur/data/dur.data.train.train
Dataset of 1433 vectors of 92 parameters from: festival/dur/data/dur.data.train.test
FEATURE    1 n.name: 0.4643
FEATURE    2 R:SylStructure.parent.syl_break: 0.5133
FEATURE    3 ph_ctype: 0.5512
FEATURE    4 p.name: 0.5940
FEATURE    5 R:SylStructure.parent.stress: 0.6171
FEATURE    6 R:SylStructure.parent.parent.pos: 0.6328
FEATURE    7 R:SylStructure.parent.R:Syllable.p.syl_break: 0.6430
FEATURE    8 n.ph_cvox: 0.6527
FEATURE    9 ph_vlng: 0.6616
FEATURE    10 p.ph_cvox: 0.6708
FEATURE    11 syl_initial: 0.6785
FEATURE    12 lisp_coda_glide: 0.6823
FEATURE    13 seg_onsetcoda: 0.6859
FEATURE    14 R:SylStructure.parent.position_type: 0.6893
FEATURE    15 R:SylStructure.parent.syl_codasize: 0.6926
FEATURE    16 p.ph_cplace: 0.6954
FEATURE    17 p.ph_vrnd: 0.6963
FEATURE    18 ph_vrnd: 0.6971
FEATURE    19 n.seg_onsetcoda: 0.6975
FEATURE    20 R:SylStructure.parent.R:Syllable.p.accented: 0.6982
RMSE 0.7210 Correlation is 0.6982 Mean (abs) Error 0.5167 (0.5031)
;;; Test the duration model
;; RMSE 0.7511 Correlation is 0.6605 Mean (abs) Error 0.5321 (0.5303)
;;; Constructing the duration model as a loadable scheme file
